<?xml version="1.0" encoding="UTF-8"?>
<!-- Generated by org.testng.reporters.JUnitXMLReporter -->
<testsuite ignored="0" hostname="DESKTOP-O4CD7HI" failures="0" tests="4" name="Default test" time="9.708" errors="0" timestamp="2024-11-06T15:36:10 PST">
  <testcase classname="org.automation.testcases.Loginsenario" name="tc01_validate_validcredntl_loginfunc" time="0.28"/>
  <testcase classname="org.automation.testcases.Loginsenario" name="tc01_validate_validcredntl_loginfunc" time="0.375"/>
  <testcase classname="org.automation.testcases.Loginsenario" name="tc01_validate_validcredntl_loginfunc" time="0.338"/>
  <testcase classname="org.automation.testcases.Loginsenario" name="tc01_validate_validcredntl_loginfunc" time="0.386"/>
</testsuite> <!-- Default test -->
