<?xml version="1.0" encoding="UTF-8"?>
<testsuite name="Test"
           tests="4"
           failures="0"
           errors="0"
           skipped="0"
           time="0.003">
  <properties />
  
  
            <testcase name="printdata2" time="0.001" classname="sakkujava2.DemoTestNG2" />
                <testcase name="printdata3" time="0.001" classname="sakkujava2.DemoTestNG2" />
                <testcase name="printdata" time="0.001" classname="sakkujava2.DemoTestNG2" />
                <testcase name="printdata1" time="0.000" classname="sakkujava2.DemoTestNG2" />
      
</testsuite>
