<?xml version="1.0" encoding="UTF-8"?>
<testng-results ignored="0" total="4" passed="4" failed="0" skipped="0">
  <reporter-output>
  </reporter-output>
  <suite started-at="2024-11-06T15:36:00 PST" name="Default suite" finished-at="2024-11-06T15:36:10 PST" duration-ms="9708">
    <groups>
    </groups>
    <test started-at="2024-11-06T15:36:00 PST" name="Default test" finished-at="2024-11-06T15:36:10 PST" duration-ms="9708">
      <class name="org.automation.testcases.Loginsenario">
        <test-method is-config="true" signature="lounchbrowser()[pri:0, instance:org.automation.testcases.Loginsenario@49e53c76]" started-at="2024-11-06T15:36:00 PST" name="lounchbrowser" finished-at="2024-11-06T15:36:02 PST" duration-ms="2252" status="PASS">
          <reporter-output>
          </reporter-output>
        </test-method> <!-- lounchbrowser -->
        <test-method signature="tc01_validate_validcredntl_loginfunc(java.lang.String,java.lang.String)[pri:0, instance:org.automation.testcases.Loginsenario@49e53c76]" started-at="2024-11-06T15:36:02 PST" name="tc01_validate_validcredntl_loginfunc" data-provider="DDF" finished-at="2024-11-06T15:36:03 PST" duration-ms="280" status="PASS">
          <params>
            <param index="0">
              <value>
                <![CDATA[user1]]>
              </value>
            </param>
            <param index="1">
              <value>
                <![CDATA[pass1]]>
              </value>
            </param>
          </params>
          <reporter-output>
          </reporter-output>
        </test-method> <!-- tc01_validate_validcredntl_loginfunc -->
        <test-method is-config="true" signature="lounchbrowser()[pri:0, instance:org.automation.testcases.Loginsenario@49e53c76]" started-at="2024-11-06T15:36:03 PST" name="lounchbrowser" finished-at="2024-11-06T15:36:05 PST" duration-ms="1858" status="PASS">
          <reporter-output>
          </reporter-output>
        </test-method> <!-- lounchbrowser -->
        <test-method is-config="true" signature="closehbrowser()[pri:0, instance:org.automation.testcases.Loginsenario@49e53c76]" started-at="2024-11-06T15:36:03 PST" name="closehbrowser" finished-at="2024-11-06T15:36:03 PST" duration-ms="0" status="PASS">
          <reporter-output>
          </reporter-output>
        </test-method> <!-- closehbrowser -->
        <test-method signature="tc01_validate_validcredntl_loginfunc(java.lang.String,java.lang.String)[pri:0, instance:org.automation.testcases.Loginsenario@49e53c76]" started-at="2024-11-06T15:36:05 PST" name="tc01_validate_validcredntl_loginfunc" data-provider="DDF" finished-at="2024-11-06T15:36:05 PST" duration-ms="375" status="PASS">
          <params>
            <param index="0">
              <value>
                <![CDATA[user1]]>
              </value>
            </param>
            <param index="1">
              <value>
                <![CDATA[pass1]]>
              </value>
            </param>
          </params>
          <reporter-output>
          </reporter-output>
        </test-method> <!-- tc01_validate_validcredntl_loginfunc -->
        <test-method is-config="true" signature="closehbrowser()[pri:0, instance:org.automation.testcases.Loginsenario@49e53c76]" started-at="2024-11-06T15:36:05 PST" name="closehbrowser" finished-at="2024-11-06T15:36:05 PST" duration-ms="0" status="PASS">
          <reporter-output>
          </reporter-output>
        </test-method> <!-- closehbrowser -->
        <test-method is-config="true" signature="lounchbrowser()[pri:0, instance:org.automation.testcases.Loginsenario@49e53c76]" started-at="2024-11-06T15:36:05 PST" name="lounchbrowser" finished-at="2024-11-06T15:36:07 PST" duration-ms="1955" status="PASS">
          <reporter-output>
          </reporter-output>
        </test-method> <!-- lounchbrowser -->
        <test-method signature="tc01_validate_validcredntl_loginfunc(java.lang.String,java.lang.String)[pri:0, instance:org.automation.testcases.Loginsenario@49e53c76]" started-at="2024-11-06T15:36:07 PST" name="tc01_validate_validcredntl_loginfunc" data-provider="DDF" finished-at="2024-11-06T15:36:07 PST" duration-ms="338" status="PASS">
          <params>
            <param index="0">
              <value>
                <![CDATA[user1]]>
              </value>
            </param>
            <param index="1">
              <value>
                <![CDATA[pass1]]>
              </value>
            </param>
          </params>
          <reporter-output>
          </reporter-output>
        </test-method> <!-- tc01_validate_validcredntl_loginfunc -->
        <test-method is-config="true" signature="lounchbrowser()[pri:0, instance:org.automation.testcases.Loginsenario@49e53c76]" started-at="2024-11-06T15:36:07 PST" name="lounchbrowser" finished-at="2024-11-06T15:36:09 PST" duration-ms="2203" status="PASS">
          <reporter-output>
          </reporter-output>
        </test-method> <!-- lounchbrowser -->
        <test-method is-config="true" signature="closehbrowser()[pri:0, instance:org.automation.testcases.Loginsenario@49e53c76]" started-at="2024-11-06T15:36:07 PST" name="closehbrowser" finished-at="2024-11-06T15:36:07 PST" duration-ms="0" status="PASS">
          <reporter-output>
          </reporter-output>
        </test-method> <!-- closehbrowser -->
        <test-method signature="tc01_validate_validcredntl_loginfunc(java.lang.String,java.lang.String)[pri:0, instance:org.automation.testcases.Loginsenario@49e53c76]" started-at="2024-11-06T15:36:09 PST" name="tc01_validate_validcredntl_loginfunc" data-provider="DDF" finished-at="2024-11-06T15:36:10 PST" duration-ms="386" status="PASS">
          <params>
            <param index="0">
              <value>
                <![CDATA[user1]]>
              </value>
            </param>
            <param index="1">
              <value>
                <![CDATA[pass1]]>
              </value>
            </param>
          </params>
          <reporter-output>
          </reporter-output>
        </test-method> <!-- tc01_validate_validcredntl_loginfunc -->
        <test-method is-config="true" signature="closehbrowser()[pri:0, instance:org.automation.testcases.Loginsenario@49e53c76]" started-at="2024-11-06T15:36:10 PST" name="closehbrowser" finished-at="2024-11-06T15:36:10 PST" duration-ms="2" status="PASS">
          <reporter-output>
          </reporter-output>
        </test-method> <!-- closehbrowser -->
      </class> <!-- org.automation.testcases.Loginsenario -->
    </test> <!-- Default test -->
  </suite> <!-- Default suite -->
</testng-results>
